[debug] [2018-09-26T16:47:34.875Z] ----------------------------------------------------------------------
[debug] [2018-09-26T16:47:34.879Z] Command:       C:\Program Files\nodejs\node.exe C:\Users\geeks\AppData\Roaming\npm\node_modules\firebase-tools\bin\firebase deploy
[debug] [2018-09-26T16:47:34.880Z] CLI Version:   4.2.1
[debug] [2018-09-26T16:47:34.880Z] Platform:      win32
[debug] [2018-09-26T16:47:34.880Z] Node Version:  v8.11.0
[debug] [2018-09-26T16:47:34.881Z] Time:          Thu Sep 27 2018 01:47:34 GMT+0900 (대한민국 표준시)
[debug] [2018-09-26T16:47:34.881Z] ----------------------------------------------------------------------
[debug] 
[debug] [2018-09-26T16:47:34.903Z] > command requires scopes: ["email","openid","https://www.googleapis.com/auth/cloudplatformprojects.readonly","https://www.googleapis.com/auth/firebase","https://www.googleapis.com/auth/cloud-platform"]
[debug] [2018-09-26T16:47:34.905Z] > authorizing via signed-in user
[debug] [2018-09-26T16:47:34.908Z] >>> HTTP REQUEST GET https://admin.firebase.com/v1/projects/pokedex-8bb08  
 
[debug] [2018-09-26T16:47:35.808Z] <<< HTTP RESPONSE 200
[info] 
[info] === Deploying to 'pokedex-8bb08'...
[info] 
[info] i  deploying functions
[debug] [2018-09-26T16:47:41.306Z] > [functions] package.json contents: {
  "name": "dialogflowFirebaseFulfillment",
  "description": "This is the default fulfillment for a Dialogflow agents using Cloud Functions for Firebase",
  "version": "0.0.1",
  "private": true,
  "license": "Apache Version 2.0",
  "author": "Google Inc.",
  "engines": {
    "node": "8"
  },
  "scripts": {
    "start": "firebase serve --only functions:dialogflowFirebaseFulfillment",
    "deploy": "firebase deploy --only functions:dialogflowFirebaseFulfillment"
  },
  "dependencies": {
    "actions-on-google": "^2.1.3",
    "dialogflow": "^0.6.0",
    "dialogflow-fulfillment": "^0.4.1",
    "firebase-admin": "^5.12.1",
    "firebase-functions": "^2.0.5",
    "josa-js": "0.0.2"
  }
}
[info] i  functions: ensuring necessary APIs are enabled...
[debug] [2018-09-26T16:47:41.309Z] >>> HTTP REQUEST GET https://servicemanagement.googleapis.com/v1/services/cloudfunctions.googleapis.com/projectSettings/pokedex-8bb08?view=CONSUMER_VIEW  
 
[debug] [2018-09-26T16:47:41.310Z] >>> HTTP REQUEST GET https://servicemanagement.googleapis.com/v1/services/runtimeconfig.googleapis.com/projectSettings/pokedex-8bb08?view=CONSUMER_VIEW  
 
[debug] [2018-09-26T16:47:42.868Z] <<< HTTP RESPONSE 200
[info] +  functions: all necessary APIs are enabled
[debug] [2018-09-26T16:47:42.871Z] <<< HTTP RESPONSE 200
[debug] [2018-09-26T16:47:42.871Z] >>> HTTP REQUEST GET https://cloudresourcemanager.googleapis.com/v1/projects/pokedex-8bb08  
 
[debug] [2018-09-26T16:47:43.822Z] <<< HTTP RESPONSE 200
[debug] [2018-09-26T16:47:43.823Z] >>> HTTP REQUEST GET https://mobilesdk-pa.googleapis.com/v1/projects/1097120955027:getServerAppConfig  
 
[debug] [2018-09-26T16:47:44.725Z] <<< HTTP RESPONSE 200
[info] i  functions: preparing functions directory for uploading...
[debug] [2018-09-26T16:47:44.734Z] >>> HTTP REQUEST GET https://runtimeconfig.googleapis.com/v1beta1/projects/pokedex-8bb08/configs  
 
[debug] [2018-09-26T16:47:45.155Z] <<< HTTP RESPONSE 200
[info] i  functions: packaged functions (167.36 KB) for uploading
[debug] [2018-09-26T16:47:46.442Z] >>> HTTP REQUEST POST https://cloudfunctions.googleapis.com/v1/projects/pokedex-8bb08/locations/us-central1/functions:generateUploadUrl  
 
[debug] [2018-09-26T16:47:46.964Z] <<< HTTP RESPONSE 200
[debug] [2018-09-26T16:47:46.965Z] >>> HTTP REQUEST PUT https://storage.googleapis.com/gcf-upload-us-central1-4c75e999-7494-4f2d-abbd-13162633b124/4d61ec52-5e5a-4ba8-a5a3-2e3b849187c9.zip?GoogleAccessId=service-1097120955027@gcf-admin-robot.iam.gserviceaccount.com&Expires=1537982265&Signature=MfpedQ%2F5ZvcPxxNf98QRY7OIGUUausiT39u04DWrA7aEFIYu%2FkTIALo5wTHmZxHeihFb9Gz0%2BTgclnDPxtIeIVXQYq%2FVEL8k8uBM2dcX6TVKeYVAhKepqBdEhRGqvNx4A2fMxE8ikQ1%2FXL%2B%2BMXSuxdlkYEGyTX%2BmTdHT0ogE8losX3yRPyM%2BUHjYTq64aNb0MyRtLHmHvNubdbgzxVVvTEvYXwxXQBn92Jx%2Bd24ma7182IpSoOL3iBgD0yojbLEhJevRUEmWWiHkYh67E0eDfTbGgCbMNfQVSVnS2mXgJ95LkbY8XUGE5kogd9JGEFI8NN3bEDX4pkRiLZ7MqDkc9w%3D%3D  

[debug] [2018-09-26T16:47:47.756Z] <<< HTTP RESPONSE 200
[info] +  functions: functions folder uploaded successfully
[debug] [2018-09-26T16:47:47.762Z] >>> HTTP REQUEST GET https://cloudfunctions.googleapis.com/v1/projects/pokedex-8bb08/locations/-/functions  
 
[debug] [2018-09-26T16:47:48.232Z] <<< HTTP RESPONSE 200
[info] i  functions: updating Node.js 8 function dialogflowFirebaseFulfillment(us-central1)...
[debug] [2018-09-26T16:47:48.235Z] Trigger is:  {"httpsTrigger":{}}
[debug] [2018-09-26T16:47:48.236Z] >>> HTTP REQUEST PATCH https://cloudfunctions.googleapis.com/v1/projects/pokedex-8bb08/locations/us-central1/functions/dialogflowFirebaseFulfillment 
query params: {"updateMask":"sourceUploadUrl,name,labels,runtime,httpsTrigger"} 

[debug] [2018-09-26T16:47:48.698Z] <<< HTTP RESPONSE 200
[debug] [2018-09-26T16:47:48.700Z] >>> HTTP REQUEST GET https://cloudfunctions.googleapis.com/v1/projects/pokedex-8bb08/locations/-/functions  
 
[debug] [2018-09-26T16:47:49.168Z] <<< HTTP RESPONSE 200
[debug] [2018-09-26T16:47:49.169Z] >>> HTTP REQUEST GET https://cloudfunctions.googleapis.com/v1/operations/cG9rZWRleC04YmIwOC91cy1jZW50cmFsMS9kaWFsb2dmbG93RmlyZWJhc2VGdWxmaWxsbWVudC9uelh6XzBmX1dNcw  
 
[debug] [2018-09-26T16:47:49.504Z] <<< HTTP RESPONSE 200
[debug] [2018-09-26T16:47:51.506Z] >>> HTTP REQUEST GET https://cloudfunctions.googleapis.com/v1/operations/cG9rZWRleC04YmIwOC91cy1jZW50cmFsMS9kaWFsb2dmbG93RmlyZWJhc2VGdWxmaWxsbWVudC9uelh6XzBmX1dNcw  
 
